<?xml version="1.0" encoding="UTF-8"?>
<!-- Generated by org.testng.reporters.JUnitReportReporter -->
<testsuite skipped="0" hostname="TYSS-ELF-Manjunath" name="WindowsApp.WindowsApplication.NotePadTest" tests="1" failures="0" timestamp="28 May 2020 15:52:44 GMT" time="4.532" errors="0">
  <testcase name="clickHelp_About_TestCase" time="4.532" classname="WindowsApp.WindowsApplication.NotePadTest"/>
</testsuite> <!-- WindowsApp.WindowsApplication.NotePadTest -->
